<?xml version="1.0" encoding="UTF-8"?>
<testsuite name="Login Test"
           tests="2"
           failures="0"
           errors="0"
           skipped="0"
           time="15.039">
  <properties />
  
  
            <testcase name="verifyProductAddedToShoppingCartSuccessFully" time="12.166" classname="com.tutorialsninja.testsuite.DesktopsPageTest" />
                <testcase name="verifyProductArrangeInAlphabeticalOrder" time="2.873" classname="com.tutorialsninja.testsuite.DesktopsPageTest" />
      
</testsuite>
